0 info it worked if it ends with ok
1 verbose cli [ 'C:\\Users\\Administrator\\Desktop\\nvm-noinstall\\nodejs\\node.exe',
1 verbose cli   'C:\\Users\\Administrator\\Desktop\\nvm-noinstall\\nodejs\\node_modules\\npm\\bin\\npm-cli.js',
1 verbose cli   'run',
1 verbose cli   'heroku' ]
2 info using npm@3.10.8
3 info using node@v6.9.1
4 verbose run-script [ 'preheroku', 'heroku', 'postheroku' ]
5 info lifecycle traceability@1.0.0~preheroku: traceability@1.0.0
6 silly lifecycle traceability@1.0.0~preheroku: no script for preheroku, continuing
7 info lifecycle traceability@1.0.0~heroku: traceability@1.0.0
8 verbose lifecycle traceability@1.0.0~heroku: unsafe-perm in lifecycle true
9 verbose lifecycle traceability@1.0.0~heroku: PATH: C:\Users\Administrator\Desktop\nvm-noinstall\v6.9.1\node_modules\npm\bin\node-gyp-bin;D:\GitHub\Traceability-system\node_modules\.bin;C:\Windows\system32;C:\Windows;C:\Windows\System32\Wbem;C:\Windows\System32\WindowsPowerShell\v1.0\;C:\Program Files (x86)\Windows Kits\8.1\Windows Performance Toolkit\;C:\Program Files\MongoDB 2.6 Standard\bin;C:\Users\Administrator\Desktop\nvm-noinstall\npm;C:\Users\Administrator\Desktop\nvm-noinstall\nodejs;C:\Users\Administrator\Desktop\nvm-noinstall\npm\node_modules;C:\Program Files\Git\cmd;C:\Users\Administrator\Desktop\nvm-noinstall;C:\Users\Administrator\Desktop\nvm-noinstall\nodejs;C:\Users\Administrator\Desktop\nvm-noinstall\npm;%NODE_PATH;;C:\Program Files (x86)\Microsoft VS Code\bin;C:\Program Files\Heroku\bin
10 verbose lifecycle traceability@1.0.0~heroku: CWD: D:\GitHub\Traceability-system
11 silly lifecycle traceability@1.0.0~heroku: Args: [ '/d /s /c',
11 silly lifecycle   'cross-env NODE_ENV=development supervisor index' ]
12 silly lifecycle traceability@1.0.0~heroku: Returned: code: 99  signal: null
13 info lifecycle traceability@1.0.0~heroku: Failed to exec heroku script
14 verbose stack Error: traceability@1.0.0 heroku: `cross-env NODE_ENV=development supervisor index`
14 verbose stack Exit status 99
14 verbose stack     at EventEmitter.<anonymous> (C:\Users\Administrator\Desktop\nvm-noinstall\v6.9.1\node_modules\npm\lib\utils\lifecycle.js:255:16)
14 verbose stack     at emitTwo (events.js:106:13)
14 verbose stack     at EventEmitter.emit (events.js:191:7)
14 verbose stack     at ChildProcess.<anonymous> (C:\Users\Administrator\Desktop\nvm-noinstall\v6.9.1\node_modules\npm\lib\utils\spawn.js:40:14)
14 verbose stack     at emitTwo (events.js:106:13)
14 verbose stack     at ChildProcess.emit (events.js:191:7)
14 verbose stack     at maybeClose (internal/child_process.js:877:16)
14 verbose stack     at Process.ChildProcess._handle.onexit (internal/child_process.js:226:5)
15 verbose pkgid traceability@1.0.0
16 verbose cwd D:\GitHub\Traceability-system
17 error Windows_NT 10.0.10586
18 error argv "C:\\Users\\Administrator\\Desktop\\nvm-noinstall\\nodejs\\node.exe" "C:\\Users\\Administrator\\Desktop\\nvm-noinstall\\nodejs\\node_modules\\npm\\bin\\npm-cli.js" "run" "heroku"
19 error node v6.9.1
20 error npm  v3.10.8
21 error code ELIFECYCLE
22 error traceability@1.0.0 heroku: `cross-env NODE_ENV=development supervisor index`
22 error Exit status 99
23 error Failed at the traceability@1.0.0 heroku script 'cross-env NODE_ENV=development supervisor index'.
23 error Make sure you have the latest version of node.js and npm installed.
23 error If you do, this is most likely a problem with the traceability package,
23 error not with npm itself.
23 error Tell the author that this fails on your system:
23 error     cross-env NODE_ENV=development supervisor index
23 error You can get information on how to open an issue for this project with:
23 error     npm bugs traceability
23 error Or if that isn't available, you can get their info via:
23 error     npm owner ls traceability
23 error There is likely additional logging output above.
24 verbose exit [ 1, true ]
